  소스.cpp
C:\Users\82107\source\repos\Screen_Cheat\Screen_Cheat\소스.cpp(25,47): warning C4305: '인수': 'double'에서 '_Ty'(으)로 잘립니다.
          with
          [
              _Ty=float
          ]
C:\Users\82107\source\repos\Screen_Cheat\Screen_Cheat\소스.cpp(148,14): warning C4101: 'bmp' :참조되지 않은 지역 변수입니다.
C:\Users\82107\source\repos\Screen_Cheat\Screen_Cheat\소스.cpp(256,1): warning C4326: 'main'의 반환 형식이 'int'이어야 하는데 'void'입니다.
C:\Users\82107\source\repos\Screen_Cheat\Screen_Cheat\소스.cpp(291,8): warning C4996: 'fopen': This function or variable may be unsafe. Consider using fopen_s instead. To disable deprecation, use _CRT_SECURE_NO_WARNINGS. See online help for details.
C:\Users\82107\source\repos\Screen_Cheat\Screen_Cheat\소스.cpp(438,2): warning C4060: switch문에 'case' 또는 'default' 레이블이 없습니다.
C:\Users\82107\source\repos\Screen_Cheat\Screen_Cheat\소스.cpp(452,22): warning C4305: '+=': 'double'에서 'float'(으)로 잘립니다.
C:\Users\82107\source\repos\Screen_Cheat\Screen_Cheat\소스.cpp(458,22): warning C4305: '-=': 'double'에서 'float'(으)로 잘립니다.
C:\Users\82107\source\repos\Screen_Cheat\Screen_Cheat\소스.cpp(467,47): warning C4244: '+=': 'double'에서 'float'(으)로 변환하면서 데이터가 손실될 수 있습니다.
C:\Users\82107\source\repos\Screen_Cheat\Screen_Cheat\소스.cpp(468,47): warning C4244: '-=': 'double'에서 'float'(으)로 변환하면서 데이터가 손실될 수 있습니다.
C:\Users\82107\source\repos\Screen_Cheat\Screen_Cheat\소스.cpp(474,47): warning C4244: '-=': 'double'에서 'float'(으)로 변환하면서 데이터가 손실될 수 있습니다.
C:\Users\82107\source\repos\Screen_Cheat\Screen_Cheat\소스.cpp(475,47): warning C4244: '+=': 'double'에서 'float'(으)로 변환하면서 데이터가 손실될 수 있습니다.
C:\Users\82107\source\repos\Screen_Cheat\Screen_Cheat\소스.cpp(481,17): warning C4305: '+=': 'double'에서 'float'(으)로 잘립니다.
C:\Users\82107\source\repos\Screen_Cheat\Screen_Cheat\소스.cpp(485,17): warning C4305: '-=': 'double'에서 'float'(으)로 잘립니다.
C:\Users\82107\source\repos\Screen_Cheat\Screen_Cheat\소스.cpp(532,9): warning C4996: 'fopen': This function or variable may be unsafe. Consider using fopen_s instead. To disable deprecation, use _CRT_SECURE_NO_WARNINGS. See online help for details.
C:\Users\82107\source\repos\Screen_Cheat\Screen_Cheat\소스.cpp(576,10): warning C4244: '초기화 중': 'T'에서 'int'(으)로 변환하면서 데이터가 손실될 수 있습니다.
          with
          [
              T=float
          ]
C:\Users\82107\source\repos\Screen_Cheat\Screen_Cheat\소스.cpp(576,37): warning C4244: '초기화 중': 'T'에서 'int'(으)로 변환하면서 데이터가 손실될 수 있습니다.
          with
          [
              T=float
          ]
C:\Users\82107\source\repos\Screen_Cheat\Screen_Cheat\소스.cpp(576,64): warning C4244: '초기화 중': 'T'에서 'int'(으)로 변환하면서 데이터가 손실될 수 있습니다.
          with
          [
              T=float
          ]
C:\Users\82107\source\repos\Screen_Cheat\Screen_Cheat\소스.cpp(553,3): warning C4996: 'fscanf': This function or variable may be unsafe. Consider using fscanf_s instead. To disable deprecation, use _CRT_SECURE_NO_WARNINGS. See online help for details.
C:\Users\82107\source\repos\Screen_Cheat\Screen_Cheat\소스.cpp(567,3): warning C4996: 'fscanf': This function or variable may be unsafe. Consider using fscanf_s instead. To disable deprecation, use _CRT_SECURE_NO_WARNINGS. See online help for details.
C:\Users\82107\source\repos\Screen_Cheat\Screen_Cheat\소스.cpp(569,4): warning C4996: 'fscanf': This function or variable may be unsafe. Consider using fscanf_s instead. To disable deprecation, use _CRT_SECURE_NO_WARNINGS. See online help for details.
C:\Users\82107\source\repos\Screen_Cheat\Screen_Cheat\소스.cpp(574,4): warning C4996: 'fscanf': This function or variable may be unsafe. Consider using fscanf_s instead. To disable deprecation, use _CRT_SECURE_NO_WARNINGS. See online help for details.
C:\Users\82107\source\repos\Screen_Cheat\Screen_Cheat\소스.cpp(584,9): warning C4244: '초기화 중': 'T'에서 'int'(으)로 변환하면서 데이터가 손실될 수 있습니다.
          with
          [
              T=float
          ]
C:\Users\82107\source\repos\Screen_Cheat\Screen_Cheat\소스.cpp(584,28): warning C4244: '초기화 중': 'T'에서 'int'(으)로 변환하면서 데이터가 손실될 수 있습니다.
          with
          [
              T=float
          ]
C:\Users\82107\source\repos\Screen_Cheat\Screen_Cheat\소스.cpp(584,47): warning C4244: '초기화 중': 'T'에서 'int'(으)로 변환하면서 데이터가 손실될 수 있습니다.
          with
          [
              T=float
          ]
  코드를 생성하고 있습니다.
  1 of 337 functions ( 0.3%) were compiled, the rest were copied from previous compilation.
    0 functions were new in current compilation
    9 functions had inline decision re-evaluated but remain unchanged
  코드를 생성했습니다.
  Screen_Cheat.vcxproj -> C:\Users\82107\source\repos\Screen_Cheat\Release\Screen_Cheat.exe
